{"meta": {"format": 3, "version": "7.8.2", "timestamp": "2025-06-08T16:18:05.280145", "branch_coverage": false, "show_contexts": false}, "files": {"backend/src/utils/__init__.py": {"executed_lines": [1], "summary": {"covered_lines": 0, "num_statements": 0, "percent_covered": 100.0, "percent_covered_display": "100", "missing_lines": 0, "excluded_lines": 0}, "missing_lines": [], "excluded_lines": [], "functions": {"": {"executed_lines": [1], "summary": {"covered_lines": 0, "num_statements": 0, "percent_covered": 100.0, "percent_covered_display": "100", "missing_lines": 0, "excluded_lines": 0}, "missing_lines": [], "excluded_lines": []}}, "classes": {"": {"executed_lines": [1], "summary": {"covered_lines": 0, "num_statements": 0, "percent_covered": 100.0, "percent_covered_display": "100", "missing_lines": 0, "excluded_lines": 0}, "missing_lines": [], "excluded_lines": []}}}, "backend/src/utils/config_manager.py": {"executed_lines": [1, 5, 6, 7, 10, 11, 12, 13, 14, 17, 18, 19, 20, 21, 22, 25, 26, 27, 28, 29, 30, 31, 34, 35, 36, 37, 38, 39, 42, 43, 44, 45, 46, 47, 48, 49, 50, 53, 54, 55, 56, 59, 60, 62, 63, 64, 66, 68, 79, 80, 81, 82, 84, 85, 86, 87, 89, 92, 97, 99, 100, 101, 102, 104, 106, 107, 108, 109, 110, 111, 112, 113, 115, 117, 121, 124, 126, 129, 131, 134, 139, 144], "summary": {"covered_lines": 75, "num_statements": 86, "percent_covered": 87.20930232558139, "percent_covered_display": "87", "missing_lines": 11, "excluded_lines": 0}, "missing_lines": [94, 95, 136, 141, 147, 148, 149, 158, 162, 166, 171], "excluded_lines": [], "functions": {"ConfigManager.__init__": {"executed_lines": [63, 64], "summary": {"covered_lines": 2, "num_statements": 2, "percent_covered": 100.0, "percent_covered_display": "100", "missing_lines": 0, "excluded_lines": 0}, "missing_lines": [], "excluded_lines": []}, "ConfigManager._load_from_env": {"executed_lines": [68, 79, 80, 81, 82, 84, 85, 86, 87, 89, 92], "summary": {"covered_lines": 11, "num_statements": 13, "percent_covered": 84.61538461538461, "percent_covered_display": "85", "missing_lines": 2, "excluded_lines": 0}, "missing_lines": [94, 95], "excluded_lines": []}, "ConfigManager._set_nested_value": {"executed_lines": [99, 100, 101, 102], "summary": {"covered_lines": 4, "num_statements": 4, "percent_covered": 100.0, "percent_covered_display": "100", "missing_lines": 0, "excluded_lines": 0}, "missing_lines": [], "excluded_lines": []}, "ConfigManager.get": {"executed_lines": [106, 107, 108, 109, 110, 111, 112, 113], "summary": {"covered_lines": 8, "num_statements": 8, "percent_covered": 100.0, "percent_covered_display": "100", "missing_lines": 0, "excluded_lines": 0}, "missing_lines": [], "excluded_lines": []}, "ConfigManager.set": {"executed_lines": [117], "summary": {"covered_lines": 1, "num_statements": 1, "percent_covered": 100.0, "percent_covered_display": "100", "missing_lines": 0, "excluded_lines": 0}, "missing_lines": [], "excluded_lines": []}, "get_config": {"executed_lines": [126], "summary": {"covered_lines": 1, "num_statements": 1, "percent_covered": 100.0, "percent_covered_display": "100", "missing_lines": 0, "excluded_lines": 0}, "missing_lines": [], "excluded_lines": []}, "get_security_config": {"executed_lines": [131], "summary": {"covered_lines": 1, "num_statements": 1, "percent_covered": 100.0, "percent_covered_display": "100", "missing_lines": 0, "excluded_lines": 0}, "missing_lines": [], "excluded_lines": []}, "get_acme_config": {"executed_lines": [], "summary": {"covered_lines": 0, "num_statements": 1, "percent_covered": 0.0, "percent_covered_display": "0", "missing_lines": 1, "excluded_lines": 0}, "missing_lines": [136], "excluded_lines": []}, "get_logging_config": {"executed_lines": [], "summary": {"covered_lines": 0, "num_statements": 1, "percent_covered": 0.0, "percent_covered_display": "0", "missing_lines": 1, "excluded_lines": 0}, "missing_lines": [141], "excluded_lines": []}, "get_notification_config": {"executed_lines": [], "summary": {"covered_lines": 0, "num_statements": 3, "percent_covered": 0.0, "percent_covered_display": "0", "missing_lines": 3, "excluded_lines": 0}, "missing_lines": [147, 148, 171], "excluded_lines": []}, "get_notification_config.NotificationConfig.__init__": {"executed_lines": [], "summary": {"covered_lines": 0, "num_statements": 4, "percent_covered": 0.0, "percent_covered_display": "0", "missing_lines": 4, "excluded_lines": 0}, "missing_lines": [149, 158, 162, 166], "excluded_lines": []}, "": {"executed_lines": [1, 5, 6, 7, 10, 11, 12, 13, 14, 17, 18, 19, 20, 21, 22, 25, 26, 27, 28, 29, 30, 31, 34, 35, 36, 37, 38, 39, 42, 43, 44, 45, 46, 47, 48, 49, 50, 53, 54, 55, 56, 59, 60, 62, 66, 97, 104, 115, 121, 124, 129, 134, 139, 144], "summary": {"covered_lines": 47, "num_statements": 47, "percent_covered": 100.0, "percent_covered_display": "100", "missing_lines": 0, "excluded_lines": 0}, "missing_lines": [], "excluded_lines": []}}, "classes": {"DatabaseConfig": {"executed_lines": [], "summary": {"covered_lines": 0, "num_statements": 0, "percent_covered": 100.0, "percent_covered_display": "100", "missing_lines": 0, "excluded_lines": 0}, "missing_lines": [], "excluded_lines": []}, "SecurityConfig": {"executed_lines": [], "summary": {"covered_lines": 0, "num_statements": 0, "percent_covered": 100.0, "percent_covered_display": "100", "missing_lines": 0, "excluded_lines": 0}, "missing_lines": [], "excluded_lines": []}, "ACMEConfig": {"executed_lines": [], "summary": {"covered_lines": 0, "num_statements": 0, "percent_covered": 100.0, "percent_covered_display": "100", "missing_lines": 0, "excluded_lines": 0}, "missing_lines": [], "excluded_lines": []}, "LoggingConfig": {"executed_lines": [], "summary": {"covered_lines": 0, "num_statements": 0, "percent_covered": 100.0, "percent_covered_display": "100", "missing_lines": 0, "excluded_lines": 0}, "missing_lines": [], "excluded_lines": []}, "AppConfig": {"executed_lines": [], "summary": {"covered_lines": 0, "num_statements": 0, "percent_covered": 100.0, "percent_covered_display": "100", "missing_lines": 0, "excluded_lines": 0}, "missing_lines": [], "excluded_lines": []}, "ConfigManager": {"executed_lines": [63, 64, 68, 79, 80, 81, 82, 84, 85, 86, 87, 89, 92, 99, 100, 101, 102, 106, 107, 108, 109, 110, 111, 112, 113, 117], "summary": {"covered_lines": 26, "num_statements": 28, "percent_covered": 92.85714285714286, "percent_covered_display": "93", "missing_lines": 2, "excluded_lines": 0}, "missing_lines": [94, 95], "excluded_lines": []}, "get_notification_config.NotificationConfig": {"executed_lines": [], "summary": {"covered_lines": 0, "num_statements": 4, "percent_covered": 0.0, "percent_covered_display": "0", "missing_lines": 4, "excluded_lines": 0}, "missing_lines": [149, 158, 162, 166], "excluded_lines": []}, "": {"executed_lines": [1, 5, 6, 7, 10, 11, 12, 13, 14, 17, 18, 19, 20, 21, 22, 25, 26, 27, 28, 29, 30, 31, 34, 35, 36, 37, 38, 39, 42, 43, 44, 45, 46, 47, 48, 49, 50, 53, 54, 55, 56, 59, 60, 62, 66, 97, 104, 115, 121, 124, 126, 129, 131, 134, 139, 144], "summary": {"covered_lines": 49, "num_statements": 54, "percent_covered": 90.74074074074075, "percent_covered_display": "91", "missing_lines": 5, "excluded_lines": 0}, "missing_lines": [136, 141, 147, 148, 171], "excluded_lines": []}}}, "backend/src/utils/error_handler.py": {"executed_lines": [1, 5, 6, 7, 8, 9, 11, 17, 20, 66, 68, 69, 70, 71, 72, 75, 77, 87, 90, 92, 93, 94, 95, 98, 99, 100, 106, 107, 108, 109, 110, 112, 113, 118, 120, 121, 124, 129, 131], "summary": {"covered_lines": 38, "num_statements": 64, "percent_covered": 59.375, "percent_covered_display": "59", "missing_lines": 26, "excluded_lines": 0}, "missing_lines": [23, 24, 26, 27, 28, 30, 31, 33, 40, 41, 43, 51, 52, 54, 55, 57, 74, 78, 80, 81, 83, 85, 96, 101, 102, 103], "excluded_lines": [], "functions": {"handle_api_errors": {"executed_lines": [], "summary": {"covered_lines": 0, "num_statements": 8, "percent_covered": 0.0, "percent_covered_display": "0", "missing_lines": 8, "excluded_lines": 0}, "missing_lines": [23, 24, 30, 31, 40, 41, 51, 52], "excluded_lines": []}, "handle_api_errors.handle_api_exception": {"executed_lines": [], "summary": {"covered_lines": 0, "num_statements": 3, "percent_covered": 0.0, "percent_covered_display": "0", "missing_lines": 3, "excluded_lines": 0}, "missing_lines": [26, 27, 28], "excluded_lines": []}, "handle_api_errors.handle_not_found": {"executed_lines": [], "summary": {"covered_lines": 0, "num_statements": 1, "percent_covered": 0.0, "percent_covered_display": "0", "missing_lines": 1, "excluded_lines": 0}, "missing_lines": [33], "excluded_lines": []}, "handle_api_errors.handle_method_not_allowed": {"executed_lines": [], "summary": {"covered_lines": 0, "num_statements": 1, "percent_covered": 0.0, "percent_covered_display": "0", "missing_lines": 1, "excluded_lines": 0}, "missing_lines": [43], "excluded_lines": []}, "handle_api_errors.handle_internal_error": {"executed_lines": [], "summary": {"covered_lines": 0, "num_statements": 3, "percent_covered": 0.0, "percent_covered_display": "0", "missing_lines": 3, "excluded_lines": 0}, "missing_lines": [54, 55, 57], "excluded_lines": []}, "api_error_handler": {"executed_lines": [68, 69, 87], "summary": {"covered_lines": 3, "num_statements": 3, "percent_covered": 100.0, "percent_covered_display": "100", "missing_lines": 0, "excluded_lines": 0}, "missing_lines": [], "excluded_lines": []}, "api_error_handler.wrapper": {"executed_lines": [70, 71, 72, 75, 77], "summary": {"covered_lines": 5, "num_statements": 11, "percent_covered": 45.45454545454545, "percent_covered_display": "45", "missing_lines": 6, "excluded_lines": 0}, "missing_lines": [74, 78, 80, 81, 83, 85], "excluded_lines": []}, "validate_json_request": {"executed_lines": [92, 93, 121], "summary": {"covered_lines": 3, "num_statements": 3, "percent_covered": 100.0, "percent_covered_display": "100", "missing_lines": 0, "excluded_lines": 0}, "missing_lines": [], "excluded_lines": []}, "validate_json_request.decorator": {"executed_lines": [94, 120], "summary": {"covered_lines": 2, "num_statements": 2, "percent_covered": 100.0, "percent_covered_display": "100", "missing_lines": 0, "excluded_lines": 0}, "missing_lines": [], "excluded_lines": []}, "validate_json_request.decorator.wrapper": {"executed_lines": [95, 98, 99, 100, 106, 107, 108, 109, 110, 112, 113, 118], "summary": {"covered_lines": 12, "num_statements": 16, "percent_covered": 75.0, "percent_covered_display": "75", "missing_lines": 4, "excluded_lines": 0}, "missing_lines": [96, 101, 102, 103], "excluded_lines": []}, "create_error_response": {"executed_lines": [129, 131], "summary": {"covered_lines": 2, "num_statements": 2, "percent_covered": 100.0, "percent_covered_display": "100", "missing_lines": 0, "excluded_lines": 0}, "missing_lines": [], "excluded_lines": []}, "": {"executed_lines": [1, 5, 6, 7, 8, 9, 11, 17, 20, 66, 90, 124], "summary": {"covered_lines": 11, "num_statements": 11, "percent_covered": 100.0, "percent_covered_display": "100", "missing_lines": 0, "excluded_lines": 0}, "missing_lines": [], "excluded_lines": []}}, "classes": {"": {"executed_lines": [1, 5, 6, 7, 8, 9, 11, 17, 20, 66, 68, 69, 70, 71, 72, 75, 77, 87, 90, 92, 93, 94, 95, 98, 99, 100, 106, 107, 108, 109, 110, 112, 113, 118, 120, 121, 124, 129, 131], "summary": {"covered_lines": 38, "num_statements": 64, "percent_covered": 59.375, "percent_covered_display": "59", "missing_lines": 26, "excluded_lines": 0}, "missing_lines": [23, 24, 26, 27, 28, 30, 31, 33, 40, 41, 43, 51, 52, 54, 55, 57, 74, 78, 80, 81, 83, 85, 96, 101, 102, 103], "excluded_lines": []}}}, "backend/src/utils/exceptions.py": {"executed_lines": [1, 5, 6, 9, 10, 12, 15, 16, 17, 18, 19, 20, 21, 22, 25, 26, 27, 31, 32, 33, 34, 35, 36, 37, 40, 41, 42, 43, 44, 45, 46, 49, 50, 51, 52, 53, 54, 55, 56, 57, 58, 61, 62, 63, 64, 65, 66, 67, 68, 69, 70, 73, 74, 76, 82, 83, 84, 85, 86, 87, 89, 93, 95, 96, 97, 98, 99, 103, 105, 111, 112, 114, 115, 117, 121, 122, 123, 124, 132, 133, 134, 135, 142, 143, 144, 145, 152, 153, 154, 167, 168, 169, 182, 183, 184, 185, 192, 194, 202, 205, 206, 207, 208, 209, 216, 218, 225, 229], "summary": {"covered_lines": 98, "num_statements": 108, "percent_covered": 90.74074074074075, "percent_covered_display": "91", "missing_lines": 10, "excluded_lines": 0}, "missing_lines": [91, 101, 155, 156, 157, 159, 170, 171, 172, 174], "excluded_lines": [], "functions": {"BaseAPIException.__init__": {"executed_lines": [82, 83, 84, 85, 86, 87], "summary": {"covered_lines": 6, "num_statements": 6, "percent_covered": 100.0, "percent_covered_display": "100", "missing_lines": 0, "excluded_lines": 0}, "missing_lines": [], "excluded_lines": []}, "BaseAPIException._get_default_message": {"executed_lines": [], "summary": {"covered_lines": 0, "num_statements": 1, "percent_covered": 0.0, "percent_covered_display": "0", "missing_lines": 1, "excluded_lines": 0}, "missing_lines": [91], "excluded_lines": []}, "BaseAPIException._get_default_http_status": {"executed_lines": [95, 96, 97, 98, 99], "summary": {"covered_lines": 5, "num_statements": 6, "percent_covered": 83.33333333333333, "percent_covered_display": "83", "missing_lines": 1, "excluded_lines": 0}, "missing_lines": [101], "excluded_lines": []}, "BaseAPIException.to_dict": {"executed_lines": [105, 111, 112, 114, 115, 117], "summary": {"covered_lines": 6, "num_statements": 6, "percent_covered": 100.0, "percent_covered_display": "100", "missing_lines": 0, "excluded_lines": 0}, "missing_lines": [], "excluded_lines": []}, "ValidationError.__init__": {"executed_lines": [124], "summary": {"covered_lines": 1, "num_statements": 1, "percent_covered": 100.0, "percent_covered_display": "100", "missing_lines": 0, "excluded_lines": 0}, "missing_lines": [], "excluded_lines": []}, "AuthenticationError.__init__": {"executed_lines": [135], "summary": {"covered_lines": 1, "num_statements": 1, "percent_covered": 100.0, "percent_covered_display": "100", "missing_lines": 0, "excluded_lines": 0}, "missing_lines": [], "excluded_lines": []}, "AuthorizationError.__init__": {"executed_lines": [145], "summary": {"covered_lines": 1, "num_statements": 1, "percent_covered": 100.0, "percent_covered_display": "100", "missing_lines": 0, "excluded_lines": 0}, "missing_lines": [], "excluded_lines": []}, "ResourceNotFoundError.__init__": {"executed_lines": [], "summary": {"covered_lines": 0, "num_statements": 4, "percent_covered": 0.0, "percent_covered_display": "0", "missing_lines": 4, "excluded_lines": 0}, "missing_lines": [155, 156, 157, 159], "excluded_lines": []}, "ResourceConflictError.__init__": {"executed_lines": [], "summary": {"covered_lines": 0, "num_statements": 4, "percent_covered": 0.0, "percent_covered_display": "0", "missing_lines": 4, "excluded_lines": 0}, "missing_lines": [170, 171, 172, 174], "excluded_lines": []}, "ACMEError.__init__": {"executed_lines": [185], "summary": {"covered_lines": 1, "num_statements": 1, "percent_covered": 100.0, "percent_covered_display": "100", "missing_lines": 0, "excluded_lines": 0}, "missing_lines": [], "excluded_lines": []}, "ACMEError._get_acme_suggestions": {"executed_lines": [194, 202], "summary": {"covered_lines": 2, "num_statements": 2, "percent_covered": 100.0, "percent_covered_display": "100", "missing_lines": 0, "excluded_lines": 0}, "missing_lines": [], "excluded_lines": []}, "CertificateError.__init__": {"executed_lines": [208, 209], "summary": {"covered_lines": 2, "num_statements": 2, "percent_covered": 100.0, "percent_covered_display": "100", "missing_lines": 0, "excluded_lines": 0}, "missing_lines": [], "excluded_lines": []}, "CertificateError._get_certificate_suggestions": {"executed_lines": [218, 225], "summary": {"covered_lines": 2, "num_statements": 2, "percent_covered": 100.0, "percent_covered_display": "100", "missing_lines": 0, "excluded_lines": 0}, "missing_lines": [], "excluded_lines": []}, "": {"executed_lines": [1, 5, 6, 9, 10, 12, 15, 16, 17, 18, 19, 20, 21, 22, 25, 26, 27, 31, 32, 33, 34, 35, 36, 37, 40, 41, 42, 43, 44, 45, 46, 49, 50, 51, 52, 53, 54, 55, 56, 57, 58, 61, 62, 63, 64, 65, 66, 67, 68, 69, 70, 73, 74, 76, 89, 93, 103, 121, 122, 123, 132, 133, 134, 142, 143, 144, 152, 153, 154, 167, 168, 169, 182, 183, 184, 192, 205, 206, 207, 216, 229], "summary": {"covered_lines": 71, "num_statements": 71, "percent_covered": 100.0, "percent_covered_display": "100", "missing_lines": 0, "excluded_lines": 0}, "missing_lines": [], "excluded_lines": []}}, "classes": {"ErrorCode": {"executed_lines": [], "summary": {"covered_lines": 0, "num_statements": 0, "percent_covered": 100.0, "percent_covered_display": "100", "missing_lines": 0, "excluded_lines": 0}, "missing_lines": [], "excluded_lines": []}, "BaseAPIException": {"executed_lines": [82, 83, 84, 85, 86, 87, 95, 96, 97, 98, 99, 105, 111, 112, 114, 115, 117], "summary": {"covered_lines": 17, "num_statements": 19, "percent_covered": 89.47368421052632, "percent_covered_display": "89", "missing_lines": 2, "excluded_lines": 0}, "missing_lines": [91, 101], "excluded_lines": []}, "ValidationError": {"executed_lines": [124], "summary": {"covered_lines": 1, "num_statements": 1, "percent_covered": 100.0, "percent_covered_display": "100", "missing_lines": 0, "excluded_lines": 0}, "missing_lines": [], "excluded_lines": []}, "AuthenticationError": {"executed_lines": [135], "summary": {"covered_lines": 1, "num_statements": 1, "percent_covered": 100.0, "percent_covered_display": "100", "missing_lines": 0, "excluded_lines": 0}, "missing_lines": [], "excluded_lines": []}, "AuthorizationError": {"executed_lines": [145], "summary": {"covered_lines": 1, "num_statements": 1, "percent_covered": 100.0, "percent_covered_display": "100", "missing_lines": 0, "excluded_lines": 0}, "missing_lines": [], "excluded_lines": []}, "ResourceNotFoundError": {"executed_lines": [], "summary": {"covered_lines": 0, "num_statements": 4, "percent_covered": 0.0, "percent_covered_display": "0", "missing_lines": 4, "excluded_lines": 0}, "missing_lines": [155, 156, 157, 159], "excluded_lines": []}, "ResourceConflictError": {"executed_lines": [], "summary": {"covered_lines": 0, "num_statements": 4, "percent_covered": 0.0, "percent_covered_display": "0", "missing_lines": 4, "excluded_lines": 0}, "missing_lines": [170, 171, 172, 174], "excluded_lines": []}, "ACMEError": {"executed_lines": [185, 194, 202], "summary": {"covered_lines": 3, "num_statements": 3, "percent_covered": 100.0, "percent_covered_display": "100", "missing_lines": 0, "excluded_lines": 0}, "missing_lines": [], "excluded_lines": []}, "CertificateError": {"executed_lines": [208, 209, 218, 225], "summary": {"covered_lines": 4, "num_statements": 4, "percent_covered": 100.0, "percent_covered_display": "100", "missing_lines": 0, "excluded_lines": 0}, "missing_lines": [], "excluded_lines": []}, "": {"executed_lines": [1, 5, 6, 9, 10, 12, 15, 16, 17, 18, 19, 20, 21, 22, 25, 26, 27, 31, 32, 33, 34, 35, 36, 37, 40, 41, 42, 43, 44, 45, 46, 49, 50, 51, 52, 53, 54, 55, 56, 57, 58, 61, 62, 63, 64, 65, 66, 67, 68, 69, 70, 73, 74, 76, 89, 93, 103, 121, 122, 123, 132, 133, 134, 142, 143, 144, 152, 153, 154, 167, 168, 169, 182, 183, 184, 192, 205, 206, 207, 216, 229], "summary": {"covered_lines": 71, "num_statements": 71, "percent_covered": 100.0, "percent_covered_display": "100", "missing_lines": 0, "excluded_lines": 0}, "missing_lines": [], "excluded_lines": []}}}, "backend/src/utils/logging_config.py": {"executed_lines": [1, 5, 6, 7, 8, 9, 10, 11, 12, 15, 16, 18, 21, 32, 47, 55, 58, 61, 62, 64, 65, 67, 69, 72, 73, 75, 78, 79, 81, 83, 87, 89, 91, 93, 95, 97, 99, 103, 106, 114, 116, 118, 124, 126, 128, 134, 137, 145, 149, 155, 158, 193, 207, 210, 212, 215], "summary": {"covered_lines": 53, "num_statements": 79, "percent_covered": 67.0886075949367, "percent_covered_display": "67", "missing_lines": 26, "excluded_lines": 0}, "missing_lines": [33, 34, 42, 44, 48, 56, 85, 101, 146, 150, 151, 152, 194, 202, 203, 204, 217, 218, 220, 221, 222, 224, 225, 227, 228, 233], "excluded_lines": [], "functions": {"JSONFormatter.format": {"executed_lines": [21, 32, 47, 55, 58], "summary": {"covered_lines": 5, "num_statements": 11, "percent_covered": 45.45454545454545, "percent_covered_display": "45", "missing_lines": 6, "excluded_lines": 0}, "missing_lines": [33, 34, 42, 44, 48, 56], "excluded_lines": []}, "StructuredLogger.__init__": {"executed_lines": [65], "summary": {"covered_lines": 1, "num_statements": 1, "percent_covered": 100.0, "percent_covered_display": "100", "missing_lines": 0, "excluded_lines": 0}, "missing_lines": [], "excluded_lines": []}, "StructuredLogger._log_with_extra": {"executed_lines": [69, 72, 73, 75, 78, 79, 81], "summary": {"covered_lines": 7, "num_statements": 7, "percent_covered": 100.0, "percent_covered_display": "100", "missing_lines": 0, "excluded_lines": 0}, "missing_lines": [], "excluded_lines": []}, "StructuredLogger.debug": {"executed_lines": [], "summary": {"covered_lines": 0, "num_statements": 1, "percent_covered": 0.0, "percent_covered_display": "0", "missing_lines": 1, "excluded_lines": 0}, "missing_lines": [85], "excluded_lines": []}, "StructuredLogger.info": {"executed_lines": [89], "summary": {"covered_lines": 1, "num_statements": 1, "percent_covered": 100.0, "percent_covered_display": "100", "missing_lines": 0, "excluded_lines": 0}, "missing_lines": [], "excluded_lines": []}, "StructuredLogger.warning": {"executed_lines": [93], "summary": {"covered_lines": 1, "num_statements": 1, "percent_covered": 100.0, "percent_covered_display": "100", "missing_lines": 0, "excluded_lines": 0}, "missing_lines": [], "excluded_lines": []}, "StructuredLogger.error": {"executed_lines": [97], "summary": {"covered_lines": 1, "num_statements": 1, "percent_covered": 100.0, "percent_covered_display": "100", "missing_lines": 0, "excluded_lines": 0}, "missing_lines": [], "excluded_lines": []}, "StructuredLogger.critical": {"executed_lines": [], "summary": {"covered_lines": 0, "num_statements": 1, "percent_covered": 0.0, "percent_covered_display": "0", "missing_lines": 1, "excluded_lines": 0}, "missing_lines": [101], "excluded_lines": []}, "StructuredLogger.audit": {"executed_lines": [106, 114], "summary": {"covered_lines": 2, "num_statements": 2, "percent_covered": 100.0, "percent_covered_display": "100", "missing_lines": 0, "excluded_lines": 0}, "missing_lines": [], "excluded_lines": []}, "StructuredLogger.performance": {"executed_lines": [118, 124], "summary": {"covered_lines": 2, "num_statements": 2, "percent_covered": 100.0, "percent_covered_display": "100", "missing_lines": 0, "excluded_lines": 0}, "missing_lines": [], "excluded_lines": []}, "StructuredLogger.security": {"executed_lines": [128, 134], "summary": {"covered_lines": 2, "num_statements": 2, "percent_covered": 100.0, "percent_covered_display": "100", "missing_lines": 0, "excluded_lines": 0}, "missing_lines": [], "excluded_lines": []}, "setup_logging": {"executed_lines": [145, 149, 155, 158, 193, 207], "summary": {"covered_lines": 6, "num_statements": 14, "percent_covered": 42.857142857142854, "percent_covered_display": "43", "missing_lines": 8, "excluded_lines": 0}, "missing_lines": [146, 150, 151, 152, 194, 202, 203, 204], "excluded_lines": []}, "get_logger": {"executed_lines": [212], "summary": {"covered_lines": 1, "num_statements": 1, "percent_covered": 100.0, "percent_covered_display": "100", "missing_lines": 0, "excluded_lines": 0}, "missing_lines": [], "excluded_lines": []}, "init_logging_middleware": {"executed_lines": [], "summary": {"covered_lines": 0, "num_statements": 4, "percent_covered": 0.0, "percent_covered_display": "0", "missing_lines": 4, "excluded_lines": 0}, "missing_lines": [217, 218, 224, 225], "excluded_lines": []}, "init_logging_middleware.add_request_id": {"executed_lines": [], "summary": {"covered_lines": 0, "num_statements": 3, "percent_covered": 0.0, "percent_covered_display": "0", "missing_lines": 3, "excluded_lines": 0}, "missing_lines": [220, 221, 222], "excluded_lines": []}, "init_logging_middleware.log_response_info": {"executed_lines": [], "summary": {"covered_lines": 0, "num_statements": 3, "percent_covered": 0.0, "percent_covered_display": "0", "missing_lines": 3, "excluded_lines": 0}, "missing_lines": [227, 228, 233], "excluded_lines": []}, "": {"executed_lines": [1, 5, 6, 7, 8, 9, 10, 11, 12, 15, 16, 18, 61, 62, 64, 67, 83, 87, 91, 95, 99, 103, 116, 126, 137, 210, 215], "summary": {"covered_lines": 24, "num_statements": 24, "percent_covered": 100.0, "percent_covered_display": "100", "missing_lines": 0, "excluded_lines": 0}, "missing_lines": [], "excluded_lines": []}}, "classes": {"JSONFormatter": {"executed_lines": [21, 32, 47, 55, 58], "summary": {"covered_lines": 5, "num_statements": 11, "percent_covered": 45.45454545454545, "percent_covered_display": "45", "missing_lines": 6, "excluded_lines": 0}, "missing_lines": [33, 34, 42, 44, 48, 56], "excluded_lines": []}, "StructuredLogger": {"executed_lines": [65, 69, 72, 73, 75, 78, 79, 81, 89, 93, 97, 106, 114, 118, 124, 128, 134], "summary": {"covered_lines": 17, "num_statements": 19, "percent_covered": 89.47368421052632, "percent_covered_display": "89", "missing_lines": 2, "excluded_lines": 0}, "missing_lines": [85, 101], "excluded_lines": []}, "": {"executed_lines": [1, 5, 6, 7, 8, 9, 10, 11, 12, 15, 16, 18, 61, 62, 64, 67, 83, 87, 91, 95, 99, 103, 116, 126, 137, 145, 149, 155, 158, 193, 207, 210, 212, 215], "summary": {"covered_lines": 31, "num_statements": 49, "percent_covered": 63.265306122448976, "percent_covered_display": "63", "missing_lines": 18, "excluded_lines": 0}, "missing_lines": [146, 150, 151, 152, 194, 202, 203, 204, 217, 218, 220, 221, 222, 224, 225, 227, 228, 233], "excluded_lines": []}}}, "backend/src/utils/validators.py": {"executed_lines": [], "summary": {"covered_lines": 0, "num_statements": 164, "percent_covered": 0.0, "percent_covered_display": "0", "missing_lines": 164, "excluded_lines": 0}, "missing_lines": [5, 6, 7, 8, 9, 10, 12, 15, 18, 19, 21, 22, 24, 25, 27, 28, 30, 31, 34, 35, 38, 39, 40, 42, 43, 45, 48, 49, 51, 52, 54, 55, 57, 58, 61, 62, 64, 65, 67, 68, 70, 71, 74, 75, 76, 78, 80, 81, 83, 84, 85, 86, 87, 89, 90, 92, 93, 94, 95, 96, 98, 99, 101, 102, 104, 105, 108, 111, 112, 114, 115, 118, 121, 124, 125, 127, 129, 130, 132, 133, 136, 139, 140, 142, 144, 145, 147, 148, 151, 154, 157, 160, 162, 164, 165, 167, 168, 171, 174, 177, 178, 180, 183, 185, 186, 187, 188, 189, 191, 192, 193, 194, 195, 196, 199, 201, 202, 205, 206, 207, 210, 211, 214, 215, 216, 217, 220, 221, 222, 224, 225, 226, 228, 229, 230, 233, 234, 235, 236, 237, 240, 241, 242, 243, 244, 246, 247, 249, 251, 252, 255, 257, 258, 259, 260, 261, 262, 264, 265, 266, 268, 270, 271, 275], "excluded_lines": [], "functions": {"InputValidator.validate_email": {"executed_lines": [], "summary": {"covered_lines": 0, "num_statements": 4, "percent_covered": 0.0, "percent_covered_display": "0", "missing_lines": 4, "excluded_lines": 0}, "missing_lines": [21, 22, 24, 25], "excluded_lines": []}, "InputValidator.validate_domain": {"executed_lines": [], "summary": {"covered_lines": 0, "num_statements": 12, "percent_covered": 0.0, "percent_covered_display": "0", "missing_lines": 12, "excluded_lines": 0}, "missing_lines": [30, 31, 34, 35, 38, 39, 40, 42, 43, 45, 48, 49], "excluded_lines": []}, "InputValidator.validate_username": {"executed_lines": [], "summary": {"covered_lines": 0, "num_statements": 6, "percent_covered": 0.0, "percent_covered_display": "0", "missing_lines": 6, "excluded_lines": 0}, "missing_lines": [54, 55, 57, 58, 61, 62], "excluded_lines": []}, "InputValidator.validate_password": {"executed_lines": [], "summary": {"covered_lines": 0, "num_statements": 8, "percent_covered": 0.0, "percent_covered_display": "0", "missing_lines": 8, "excluded_lines": 0}, "missing_lines": [67, 68, 70, 71, 74, 75, 76, 78], "excluded_lines": []}, "InputValidator.validate_ip_address": {"executed_lines": [], "summary": {"covered_lines": 0, "num_statements": 5, "percent_covered": 0.0, "percent_covered_display": "0", "missing_lines": 5, "excluded_lines": 0}, "missing_lines": [83, 84, 85, 86, 87], "excluded_lines": []}, "InputValidator.validate_port": {"executed_lines": [], "summary": {"covered_lines": 0, "num_statements": 5, "percent_covered": 0.0, "percent_covered_display": "0", "missing_lines": 5, "excluded_lines": 0}, "missing_lines": [92, 93, 94, 95, 96], "excluded_lines": []}, "InputValidator.validate_url": {"executed_lines": [], "summary": {"covered_lines": 0, "num_statements": 4, "percent_covered": 0.0, "percent_covered_display": "0", "missing_lines": 4, "excluded_lines": 0}, "missing_lines": [101, 102, 104, 105], "excluded_lines": []}, "DataSanitizer.sanitize_string": {"executed_lines": [], "summary": {"covered_lines": 0, "num_statements": 7, "percent_covered": 0.0, "percent_covered_display": "0", "missing_lines": 7, "excluded_lines": 0}, "missing_lines": [114, 115, 118, 121, 124, 125, 127], "excluded_lines": []}, "DataSanitizer.sanitize_email": {"executed_lines": [], "summary": {"covered_lines": 0, "num_statements": 6, "percent_covered": 0.0, "percent_covered_display": "0", "missing_lines": 6, "excluded_lines": 0}, "missing_lines": [132, 133, 136, 139, 140, 142], "excluded_lines": []}, "DataSanitizer.sanitize_domain": {"executed_lines": [], "summary": {"covered_lines": 0, "num_statements": 7, "percent_covered": 0.0, "percent_covered_display": "0", "missing_lines": 7, "excluded_lines": 0}, "missing_lines": [147, 148, 151, 154, 157, 160, 162], "excluded_lines": []}, "DataSanitizer.sanitize_filename": {"executed_lines": [], "summary": {"covered_lines": 0, "num_statements": 7, "percent_covered": 0.0, "percent_covered_display": "0", "missing_lines": 7, "excluded_lines": 0}, "missing_lines": [167, 168, 171, 174, 177, 178, 180], "excluded_lines": []}, "validate_request_data": {"executed_lines": [], "summary": {"covered_lines": 0, "num_statements": 3, "percent_covered": 0.0, "percent_covered_display": "0", "missing_lines": 3, "excluded_lines": 0}, "missing_lines": [185, 186, 252], "excluded_lines": []}, "validate_request_data.decorator": {"executed_lines": [], "summary": {"covered_lines": 0, "num_statements": 2, "percent_covered": 0.0, "percent_covered_display": "0", "missing_lines": 2, "excluded_lines": 0}, "missing_lines": [187, 251], "excluded_lines": []}, "validate_request_data.decorator.wrapper": {"executed_lines": [], "summary": {"covered_lines": 0, "num_statements": 42, "percent_covered": 0.0, "percent_covered_display": "0", "missing_lines": 42, "excluded_lines": 0}, "missing_lines": [188, 189, 191, 192, 193, 194, 195, 196, 199, 201, 202, 205, 206, 207, 210, 211, 214, 215, 216, 217, 220, 221, 222, 224, 225, 226, 228, 229, 230, 233, 234, 235, 236, 237, 240, 241, 242, 243, 244, 246, 247, 249], "excluded_lines": []}, "sanitize_request_data": {"executed_lines": [], "summary": {"covered_lines": 0, "num_statements": 3, "percent_covered": 0.0, "percent_covered_display": "0", "missing_lines": 3, "excluded_lines": 0}, "missing_lines": [257, 258, 271], "excluded_lines": []}, "sanitize_request_data.decorator": {"executed_lines": [], "summary": {"covered_lines": 0, "num_statements": 2, "percent_covered": 0.0, "percent_covered_display": "0", "missing_lines": 2, "excluded_lines": 0}, "missing_lines": [259, 270], "excluded_lines": []}, "sanitize_request_data.decorator.wrapper": {"executed_lines": [], "summary": {"covered_lines": 0, "num_statements": 7, "percent_covered": 0.0, "percent_covered_display": "0", "missing_lines": 7, "excluded_lines": 0}, "missing_lines": [260, 261, 262, 264, 265, 266, 268], "excluded_lines": []}, "": {"executed_lines": [], "summary": {"covered_lines": 0, "num_statements": 34, "percent_covered": 0.0, "percent_covered_display": "0", "missing_lines": 34, "excluded_lines": 0}, "missing_lines": [5, 6, 7, 8, 9, 10, 12, 15, 18, 19, 27, 28, 51, 52, 64, 65, 80, 81, 89, 90, 98, 99, 108, 111, 112, 129, 130, 144, 145, 164, 165, 183, 255, 275], "excluded_lines": []}}, "classes": {"InputValidator": {"executed_lines": [], "summary": {"covered_lines": 0, "num_statements": 44, "percent_covered": 0.0, "percent_covered_display": "0", "missing_lines": 44, "excluded_lines": 0}, "missing_lines": [21, 22, 24, 25, 30, 31, 34, 35, 38, 39, 40, 42, 43, 45, 48, 49, 54, 55, 57, 58, 61, 62, 67, 68, 70, 71, 74, 75, 76, 78, 83, 84, 85, 86, 87, 92, 93, 94, 95, 96, 101, 102, 104, 105], "excluded_lines": []}, "DataSanitizer": {"executed_lines": [], "summary": {"covered_lines": 0, "num_statements": 27, "percent_covered": 0.0, "percent_covered_display": "0", "missing_lines": 27, "excluded_lines": 0}, "missing_lines": [114, 115, 118, 121, 124, 125, 127, 132, 133, 136, 139, 140, 142, 147, 148, 151, 154, 157, 160, 162, 167, 168, 171, 174, 177, 178, 180], "excluded_lines": []}, "": {"executed_lines": [], "summary": {"covered_lines": 0, "num_statements": 93, "percent_covered": 0.0, "percent_covered_display": "0", "missing_lines": 93, "excluded_lines": 0}, "missing_lines": [5, 6, 7, 8, 9, 10, 12, 15, 18, 19, 27, 28, 51, 52, 64, 65, 80, 81, 89, 90, 98, 99, 108, 111, 112, 129, 130, 144, 145, 164, 165, 183, 185, 186, 187, 188, 189, 191, 192, 193, 194, 195, 196, 199, 201, 202, 205, 206, 207, 210, 211, 214, 215, 216, 217, 220, 221, 222, 224, 225, 226, 228, 229, 230, 233, 234, 235, 236, 237, 240, 241, 242, 243, 244, 246, 247, 249, 251, 252, 255, 257, 258, 259, 260, 261, 262, 264, 265, 266, 268, 270, 271, 275], "excluded_lines": []}}}}, "totals": {"covered_lines": 264, "num_statements": 501, "percent_covered": 52.69461077844311, "percent_covered_display": "53", "missing_lines": 237, "excluded_lines": 0}}